# JRE version: OpenJDK Runtime Environment Temurin-21.0.5+11 (21.0.5+11) (build 21.0.5+11-LTS)
# Java VM: OpenJDK 64-Bit Server VM Temurin-21.0.5+11 (21.0.5+11-LTS, mixed mode, sharing, tiered, compressed oops, compressed class ptrs, g1 gc, windows-amd64)
GC Precious Log:
 CardTable entry size: 512
 Card Set container configuration: InlinePtr #cards 4 size 8 Array Of Cards #cards 32 size 80 Howl #buckets 8 coarsen threshold 7372 Howl Bitmap #cards 1024 size 144 coarsen threshold 921 Card regions per heap region 1 cards per card region 8192
 CPUs: 12 total, 12 available
 Memory: 32681M
 Large Page Support: Disabled
 NUMA Support: Disabled
 Compressed Oops: Enabled (Zero based)
 Heap Region Size: 4M
 Heap Min Capacity: 8M
 Heap Initial Capacity: 512M
 Heap Max Capacity: 8172M
 Pre-touch: Disabled
 Parallel Workers: 10
 Concurrent Workers: 3
 Concurrent Refinement Workers: 10
 Periodic GC: Disabled
Heap:
 garbage-first heap   total 1048576K, used 195703K [0x0000000601400000, 0x0000000800000000)
  region size 4096K, 9 young (36864K), 9 survivors (36864K)
 Metaspace       used 2843K, committed 3008K, reserved 1114112K
  class space    used 253K, committed 320K, reserved 1048576K
GC Heap History (17 events):
Event: 0.662 GC heap before
{Heap before GC invocations=0 (full 0):
 garbage-first heap   total 524288K, used 24576K [0x0000000601400000, 0x0000000800000000)
  region size 4096K, 6 young (24576K), 0 survivors (0K)
 Metaspace       used 2836K, committed 3008K, reserved 1114112K
  class space    used 253K, committed 320K, reserved 1048576K
}
Event: 0.717 GC heap after
{Heap after GC invocations=1 (full 0):
 garbage-first heap   total 524288K, used 4077K [0x0000000601400000, 0x0000000800000000)
  region size 4096K, 1 young (4096K), 1 survivors (4096K)
 Metaspace       used 2836K, committed 3008K, reserved 1114112K
  class space    used 253K, committed 320K, reserved 1048576K
}
Event: 0.781 GC heap before
{Heap before GC invocations=1 (full 0):
 garbage-first heap   total 524288K, used 32749K [0x0000000601400000, 0x0000000800000000)
  region size 4096K, 8 young (32768K), 1 survivors (4096K)
 Metaspace       used 2843K, committed 3008K, reserved 1114112K
  class space    used 253K, committed 320K, reserved 1048576K
}
Event: 0.808 GC heap after
{Heap after GC invocations=2 (full 0):
 garbage-first heap   total 524288K, used 8470K [0x0000000601400000, 0x0000000800000000)
  region size 4096K, 1 young (4096K), 1 survivors (4096K)
 Metaspace       used 2843K, committed 3008K, reserved 1114112K
  class space    used 253K, committed 320K, reserved 1048576K
}
Event: 0.981 GC heap before
{Heap before GC invocations=2 (full 0):
 garbage-first heap   total 524288K, used 86294K [0x0000000601400000, 0x0000000800000000)
  region size 4096K, 20 young (81920K), 1 survivors (4096K)
 Metaspace       used 2843K, committed 3008K, reserved 1114112K
  class space    used 253K, committed 320K, reserved 1048576K
}
Event: 0.993 GC heap after
{Heap after GC invocations=3 (full 0):
 garbage-first heap   total 524288K, used 20661K [0x0000000601400000, 0x0000000800000000)
  region size 4096K, 3 young (12288K), 3 survivors (12288K)
 Metaspace       used 2843K, committed 3008K, reserved 1114112K
  class space    used 253K, committed 320K, reserved 1048576K
}
Event: 1.234 GC heap before
{Heap before GC invocations=3 (full 0):
 garbage-first heap   total 524288K, used 127157K [0x0000000601400000, 0x0000000800000000)
  region size 4096K, 29 young (118784K), 3 survivors (12288K)
 Metaspace       used 2843K, committed 3008K, reserved 1114112K
  class space    used 253K, committed 320K, reserved 1048576K
}
Event: 1.252 GC heap after
{Heap after GC invocations=4 (full 0):
 garbage-first heap   total 524288K, used 37708K [0x0000000601400000, 0x0000000800000000)
  region size 4096K, 4 young (16384K), 4 survivors (16384K)
 Metaspace       used 2843K, committed 3008K, reserved 1114112K
  class space    used 253K, committed 320K, reserved 1048576K
}
Event: 1.444 GC heap before
{Heap before GC invocations=4 (full 0):
 garbage-first heap   total 524288K, used 156492K [0x0000000601400000, 0x0000000800000000)
  region size 4096K, 32 young (131072K), 4 survivors (16384K)
 Metaspace       used 2843K, committed 3008K, reserved 1114112K
  class space    used 253K, committed 320K, reserved 1048576K
}
Event: 1.465 GC heap after
{Heap after GC invocations=5 (full 0):
 garbage-first heap   total 1048576K, used 58553K [0x0000000601400000, 0x0000000800000000)
  region size 4096K, 4 young (16384K), 4 survivors (16384K)
 Metaspace       used 2843K, committed 3008K, reserved 1114112K
  class space    used 253K, committed 320K, reserved 1048576K
}
Event: 2.034 GC heap before
{Heap before GC invocations=5 (full 0):
 garbage-first heap   total 1048576K, used 165049K [0x0000000601400000, 0x0000000800000000)
  region size 4096K, 29 young (118784K), 4 survivors (16384K)
 Metaspace       used 2843K, committed 3008K, reserved 1114112K
  class space    used 253K, committed 320K, reserved 1048576K
}
Event: 2.053 GC heap after
{Heap after GC invocations=6 (full 0):
 garbage-first heap   total 1048576K, used 80339K [0x0000000601400000, 0x0000000800000000)
  region size 4096K, 4 young (16384K), 4 survivors (16384K)
 Metaspace       used 2843K, committed 3008K, reserved 1114112K
  class space    used 253K, committed 320K, reserved 1048576K
}
Event: 2.445 GC heap before
{Heap before GC invocations=6 (full 0):
 garbage-first heap   total 1048576K, used 252371K [0x0000000601400000, 0x0000000800000000)
  region size 4096K, 44 young (180224K), 4 survivors (16384K)
 Metaspace       used 2843K, committed 3008K, reserved 1114112K
  class space    used 253K, committed 320K, reserved 1048576K
}
Event: 2.474 GC heap after
{Heap after GC invocations=7 (full 0):
 garbage-first heap   total 1048576K, used 113431K [0x0000000601400000, 0x0000000800000000)
  region size 4096K, 6 young (24576K), 6 survivors (24576K)
 Metaspace       used 2843K, committed 3008K, reserved 1114112K
  class space    used 253K, committed 320K, reserved 1048576K
}
Event: 3.028 GC heap before
{Heap before GC invocations=7 (full 0):
 garbage-first heap   total 1048576K, used 318231K [0x0000000601400000, 0x0000000800000000)
  region size 4096K, 54 young (221184K), 6 survivors (24576K)
 Metaspace       used 2843K, committed 3008K, reserved 1114112K
  class space    used 253K, committed 320K, reserved 1048576K
}
Event: 3.066 GC heap after
{Heap after GC invocations=8 (full 0):
 garbage-first heap   total 1048576K, used 152792K [0x0000000601400000, 0x0000000800000000)
  region size 4096K, 7 young (28672K), 7 survivors (28672K)
 Metaspace       used 2843K, committed 3008K, reserved 1114112K
  class space    used 253K, committed 320K, reserved 1048576K
}
Event: 3.646 GC heap before
{Heap before GC invocations=8 (full 0):
 garbage-first heap   total 1048576K, used 419032K [0x0000000601400000, 0x0000000800000000)
  region size 4096K, 72 young (294912K), 7 survivors (28672K)
 Metaspace       used 2843K, committed 3008K, reserved 1114112K
  class space    used 253K, committed 320K, reserved 1048576K
}

