# JRE version: OpenJDK Runtime Environment Temurin-21.0.5+11 (21.0.5+11) (build 21.0.5+11-LTS)
# Java VM: OpenJDK 64-Bit Server VM Temurin-21.0.5+11 (21.0.5+11-LTS, mixed mode, sharing, tiered, compressed oops, compressed class ptrs, g1 gc, windows-amd64)
GC Precious Log:
 CardTable entry size: 512
 Card Set container configuration: InlinePtr #cards 4 size 8 Array Of Cards #cards 32 size 80 Howl #buckets 8 coarsen threshold 7372 Howl Bitmap #cards 1024 size 144 coarsen threshold 921 Card regions per heap region 1 cards per card region 8192
 CPUs: 12 total, 12 available
 Memory: 32681M
 Large Page Support: Disabled
 NUMA Support: Disabled
 Compressed Oops: Enabled (Zero based)
 Heap Region Size: 4M
 Heap Min Capacity: 8M
 Heap Initial Capacity: 512M
 Heap Max Capacity: 8172M
 Pre-touch: Disabled
 Parallel Workers: 10
 Concurrent Workers: 3
 Concurrent Refinement Workers: 10
 Periodic GC: Disabled
Heap:
 garbage-first heap   total 933888K, used 197076K [0x0000000601400000, 0x0000000800000000)
  region size 4096K, 9 young (36864K), 9 survivors (36864K)
 Metaspace       used 2844K, committed 3008K, reserved 1114112K
  class space    used 253K, committed 320K, reserved 1048576K
GC Heap History (17 events):
Event: 0.629 GC heap before
{Heap before GC invocations=0 (full 0):
 garbage-first heap   total 524288K, used 24576K [0x0000000601400000, 0x0000000800000000)
  region size 4096K, 6 young (24576K), 0 survivors (0K)
 Metaspace       used 2837K, committed 3008K, reserved 1114112K
  class space    used 253K, committed 320K, reserved 1048576K
}
Event: 0.683 GC heap after
{Heap after GC invocations=1 (full 0):
 garbage-first heap   total 524288K, used 4168K [0x0000000601400000, 0x0000000800000000)
  region size 4096K, 1 young (4096K), 1 survivors (4096K)
 Metaspace       used 2837K, committed 3008K, reserved 1114112K
  class space    used 253K, committed 320K, reserved 1048576K
}
Event: 0.869 GC heap before
{Heap before GC invocations=1 (full 0):
 garbage-first heap   total 524288K, used 32840K [0x0000000601400000, 0x0000000800000000)
  region size 4096K, 8 young (32768K), 1 survivors (4096K)
 Metaspace       used 2844K, committed 3008K, reserved 1114112K
  class space    used 253K, committed 320K, reserved 1048576K
}
Event: 0.875 GC heap after
{Heap after GC invocations=2 (full 0):
 garbage-first heap   total 524288K, used 8546K [0x0000000601400000, 0x0000000800000000)
  region size 4096K, 1 young (4096K), 1 survivors (4096K)
 Metaspace       used 2844K, committed 3008K, reserved 1114112K
  class space    used 253K, committed 320K, reserved 1048576K
}
Event: 1.084 GC heap before
{Heap before GC invocations=2 (full 0):
 garbage-first heap   total 524288K, used 86370K [0x0000000601400000, 0x0000000800000000)
  region size 4096K, 20 young (81920K), 1 survivors (4096K)
 Metaspace       used 2844K, committed 3008K, reserved 1114112K
  class space    used 253K, committed 320K, reserved 1048576K
}
Event: 1.106 GC heap after
{Heap after GC invocations=3 (full 0):
 garbage-first heap   total 524288K, used 20892K [0x0000000601400000, 0x0000000800000000)
  region size 4096K, 3 young (12288K), 3 survivors (12288K)
 Metaspace       used 2844K, committed 3008K, reserved 1114112K
  class space    used 253K, committed 320K, reserved 1048576K
}
Event: 1.353 GC heap before
{Heap before GC invocations=3 (full 0):
 garbage-first heap   total 524288K, used 127388K [0x0000000601400000, 0x0000000800000000)
  region size 4096K, 29 young (118784K), 3 survivors (12288K)
 Metaspace       used 2844K, committed 3008K, reserved 1114112K
  class space    used 253K, committed 320K, reserved 1048576K
}
Event: 1.372 GC heap after
{Heap after GC invocations=4 (full 0):
 garbage-first heap   total 524288K, used 37717K [0x0000000601400000, 0x0000000800000000)
  region size 4096K, 4 young (16384K), 4 survivors (16384K)
 Metaspace       used 2844K, committed 3008K, reserved 1114112K
  class space    used 253K, committed 320K, reserved 1048576K
}
Event: 1.609 GC heap before
{Heap before GC invocations=4 (full 0):
 garbage-first heap   total 524288K, used 156501K [0x0000000601400000, 0x0000000800000000)
  region size 4096K, 32 young (131072K), 4 survivors (16384K)
 Metaspace       used 2844K, committed 3008K, reserved 1114112K
  class space    used 253K, committed 320K, reserved 1048576K
}
Event: 1.629 GC heap after
{Heap after GC invocations=5 (full 0):
 garbage-first heap   total 933888K, used 59528K [0x0000000601400000, 0x0000000800000000)
  region size 4096K, 4 young (16384K), 4 survivors (16384K)
 Metaspace       used 2844K, committed 3008K, reserved 1114112K
  class space    used 253K, committed 320K, reserved 1048576K
}
Event: 1.912 GC heap before
{Heap before GC invocations=5 (full 0):
 garbage-first heap   total 933888K, used 170120K [0x0000000601400000, 0x0000000800000000)
  region size 4096K, 30 young (122880K), 4 survivors (16384K)
 Metaspace       used 2844K, committed 3008K, reserved 1114112K
  class space    used 253K, committed 320K, reserved 1048576K
}
Event: 1.929 GC heap after
{Heap after GC invocations=6 (full 0):
 garbage-first heap   total 933888K, used 81461K [0x0000000601400000, 0x0000000800000000)
  region size 4096K, 4 young (16384K), 4 survivors (16384K)
 Metaspace       used 2844K, committed 3008K, reserved 1114112K
  class space    used 253K, committed 320K, reserved 1048576K
}
Event: 2.283 GC heap before
{Heap before GC invocations=6 (full 0):
 garbage-first heap   total 933888K, used 257589K [0x0000000601400000, 0x0000000800000000)
  region size 4096K, 45 young (184320K), 4 survivors (16384K)
 Metaspace       used 2844K, committed 3008K, reserved 1114112K
  class space    used 253K, committed 320K, reserved 1048576K
}
Event: 2.332 GC heap after
{Heap after GC invocations=7 (full 0):
 garbage-first heap   total 933888K, used 116272K [0x0000000601400000, 0x0000000800000000)
  region size 4096K, 6 young (24576K), 6 survivors (24576K)
 Metaspace       used 2844K, committed 3008K, reserved 1114112K
  class space    used 253K, committed 320K, reserved 1048576K
}
Event: 2.675 GC heap before
{Heap before GC invocations=7 (full 0):
 garbage-first heap   total 933888K, used 321072K [0x0000000601400000, 0x0000000800000000)
  region size 4096K, 54 young (221184K), 6 survivors (24576K)
 Metaspace       used 2844K, committed 3008K, reserved 1114112K
  class space    used 253K, committed 320K, reserved 1048576K
}
Event: 2.774 GC heap after
{Heap after GC invocations=8 (full 0):
 garbage-first heap   total 933888K, used 156635K [0x0000000601400000, 0x0000000800000000)
  region size 4096K, 7 young (28672K), 7 survivors (28672K)
 Metaspace       used 2844K, committed 3008K, reserved 1114112K
  class space    used 253K, committed 320K, reserved 1048576K
}
Event: 3.345 GC heap before
{Heap before GC invocations=8 (full 0):
 garbage-first heap   total 933888K, used 406491K [0x0000000601400000, 0x0000000800000000)
  region size 4096K, 68 young (278528K), 7 survivors (28672K)
 Metaspace       used 2844K, committed 3008K, reserved 1114112K
  class space    used 253K, committed 320K, reserved 1048576K
}

